# JRE version: Java(TM) SE Runtime Environment (8.0_261-b12) (build 1.8.0_261-b12)
# Java VM: Java HotSpot(TM) 64-Bit Server VM (25.261-b12 mixed mode windows-amd64 compressed oops)
Heap:
 PSYoungGen      total 280064K, used 212480K [0x00000000d6380000, 0x00000000e8f80000, 0x0000000100000000)
  eden space 264192K, 74% used [0x00000000d6380000,0x00000000e23b2140,0x00000000e6580000)
  from space 15872K, 98% used [0x00000000e8000000,0x00000000e8f4ded0,0x00000000e8f80000)
  to   space 19456K, 0% used [0x00000000e6980000,0x00000000e6980000,0x00000000e7c80000)
 ParOldGen       total 94208K, used 22618K [0x0000000082a00000, 0x0000000088600000, 0x00000000d6380000)
  object space 94208K, 24% used [0x0000000082a00000,0x0000000084016bf0,0x0000000088600000)
 Metaspace       used 46852K, capacity 47550K, committed 47616K, reserved 1091584K
  class space    used 6203K, capacity 6389K, committed 6400K, reserved 1048576K
GC Heap History (10 events):
Event: 1.896 GC heap before
{Heap before GC invocations=8 (full 1):
 PSYoungGen      total 141312K, used 131067K [0x00000000d6380000, 0x00000000df780000, 0x0000000100000000)
  eden space 131072K, 99% used [0x00000000d6380000,0x00000000de37ed98,0x00000000de380000)
  from space 10240K, 0% used [0x00000000ded80000,0x00000000ded80000,0x00000000df780000)
  to   space 10240K, 0% used [0x00000000de380000,0x00000000de380000,0x00000000ded80000)
 ParOldGen       total 59904K, used 9314K [0x0000000082a00000, 0x0000000086480000, 0x00000000d6380000)
  object space 59904K, 15% used [0x0000000082a00000,0x0000000083318880,0x0000000086480000)
 Metaspace       used 25672K, capacity 26122K, committed 26368K, reserved 1073152K
  class space    used 3386K, capacity 3492K, committed 3584K, reserved 1048576K
Event: 1.904 GC heap after
Heap after GC invocations=8 (full 1):
 PSYoungGen      total 141312K, used 10210K [0x00000000d6380000, 0x00000000e4480000, 0x0000000100000000)
  eden space 131072K, 0% used [0x00000000d6380000,0x00000000d6380000,0x00000000de380000)
  from space 10240K, 99% used [0x00000000de380000,0x00000000ded78910,0x00000000ded80000)
  to   space 12288K, 0% used [0x00000000e3880000,0x00000000e3880000,0x00000000e4480000)
 ParOldGen       total 59904K, used 10734K [0x0000000082a00000, 0x0000000086480000, 0x00000000d6380000)
  object space 59904K, 17% used [0x0000000082a00000,0x000000008347b9a8,0x0000000086480000)
 Metaspace       used 25672K, capacity 26122K, committed 26368K, reserved 1073152K
  class space    used 3386K, capacity 3492K, committed 3584K, reserved 1048576K
}
Event: 2.457 GC heap before
{Heap before GC invocations=9 (full 1):
 PSYoungGen      total 141312K, used 141282K [0x00000000d6380000, 0x00000000e4480000, 0x0000000100000000)
  eden space 131072K, 100% used [0x00000000d6380000,0x00000000de380000,0x00000000de380000)
  from space 10240K, 99% used [0x00000000de380000,0x00000000ded78910,0x00000000ded80000)
  to   space 12288K, 0% used [0x00000000e3880000,0x00000000e3880000,0x00000000e4480000)
 ParOldGen       total 59904K, used 10734K [0x0000000082a00000, 0x0000000086480000, 0x00000000d6380000)
  object space 59904K, 17% used [0x0000000082a00000,0x000000008347b9a8,0x0000000086480000)
 Metaspace       used 31166K, capacity 31674K, committed 31872K, reserved 1077248K
  class space    used 4067K, capacity 4204K, committed 4224K, reserved 1048576K
Event: 2.469 GC heap after
Heap after GC invocations=9 (full 1):
 PSYoungGen      total 215040K, used 12275K [0x00000000d6380000, 0x00000000e4880000, 0x0000000100000000)
  eden space 202752K, 0% used [0x00000000d6380000,0x00000000d6380000,0x00000000e2980000)
  from space 12288K, 99% used [0x00000000e3880000,0x00000000e447cf28,0x00000000e4480000)
  to   space 15360K, 0% used [0x00000000e2980000,0x00000000e2980000,0x00000000e3880000)
 ParOldGen       total 59904K, used 14112K [0x0000000082a00000, 0x0000000086480000, 0x00000000d6380000)
  object space 59904K, 23% used [0x0000000082a00000,0x00000000837c8268,0x0000000086480000)
 Metaspace       used 31166K, capacity 31674K, committed 31872K, reserved 1077248K
  class space    used 4067K, capacity 4204K, committed 4224K, reserved 1048576K
}
Event: 2.704 GC heap before
{Heap before GC invocations=10 (full 1):
 PSYoungGen      total 215040K, used 48430K [0x00000000d6380000, 0x00000000e4880000, 0x0000000100000000)
  eden space 202752K, 17% used [0x00000000d6380000,0x00000000d86ceb70,0x00000000e2980000)
  from space 12288K, 99% used [0x00000000e3880000,0x00000000e447cf28,0x00000000e4480000)
  to   space 15360K, 0% used [0x00000000e2980000,0x00000000e2980000,0x00000000e3880000)
 ParOldGen       total 59904K, used 14112K [0x0000000082a00000, 0x0000000086480000, 0x00000000d6380000)
  object space 59904K, 23% used [0x0000000082a00000,0x00000000837c8268,0x0000000086480000)
 Metaspace       used 34864K, capacity 35328K, committed 35456K, reserved 1079296K
  class space    used 4575K, capacity 4717K, committed 4736K, reserved 1048576K
Event: 2.714 GC heap after
Heap after GC invocations=10 (full 1):
 PSYoungGen      total 218112K, used 15337K [0x00000000d6380000, 0x00000000e9100000, 0x0000000100000000)
  eden space 202752K, 0% used [0x00000000d6380000,0x00000000d6380000,0x00000000e2980000)
  from space 15360K, 99% used [0x00000000e2980000,0x00000000e387a598,0x00000000e3880000)
  to   space 17408K, 0% used [0x00000000e8000000,0x00000000e8000000,0x00000000e9100000)
 ParOldGen       total 59904K, used 14320K [0x0000000082a00000, 0x0000000086480000, 0x00000000d6380000)
  object space 59904K, 23% used [0x0000000082a00000,0x00000000837fc2e8,0x0000000086480000)
 Metaspace       used 34864K, capacity 35328K, committed 35456K, reserved 1079296K
  class space    used 4575K, capacity 4717K, committed 4736K, reserved 1048576K
}
Event: 2.714 GC heap before
{Heap before GC invocations=11 (full 2):
 PSYoungGen      total 218112K, used 15337K [0x00000000d6380000, 0x00000000e9100000, 0x0000000100000000)
  eden space 202752K, 0% used [0x00000000d6380000,0x00000000d6380000,0x00000000e2980000)
  from space 15360K, 99% used [0x00000000e2980000,0x00000000e387a598,0x00000000e3880000)
  to   space 17408K, 0% used [0x00000000e8000000,0x00000000e8000000,0x00000000e9100000)
 ParOldGen       total 59904K, used 14320K [0x0000000082a00000, 0x0000000086480000, 0x00000000d6380000)
  object space 59904K, 23% used [0x0000000082a00000,0x00000000837fc2e8,0x0000000086480000)
 Metaspace       used 34864K, capacity 35328K, committed 35456K, reserved 1079296K
  class space    used 4575K, capacity 4717K, committed 4736K, reserved 1048576K
Event: 2.751 GC heap after
Heap after GC invocations=11 (full 2):
 PSYoungGen      total 218112K, used 0K [0x00000000d6380000, 0x00000000e9100000, 0x0000000100000000)
  eden space 202752K, 0% used [0x00000000d6380000,0x00000000d6380000,0x00000000e2980000)
  from space 15360K, 0% used [0x00000000e2980000,0x00000000e2980000,0x00000000e3880000)
  to   space 17408K, 0% used [0x00000000e8000000,0x00000000e8000000,0x00000000e9100000)
 ParOldGen       total 94208K, used 22610K [0x0000000082a00000, 0x0000000088600000, 0x00000000d6380000)
  object space 94208K, 24% used [0x0000000082a00000,0x0000000084014bf0,0x0000000088600000)
 Metaspace       used 34864K, capacity 35328K, committed 35456K, reserved 1079296K
  class space    used 4575K, capacity 4717K, committed 4736K, reserved 1048576K
}
Event: 3.749 GC heap before
{Heap before GC invocations=12 (full 2):
 PSYoungGen      total 218112K, used 202752K [0x00000000d6380000, 0x00000000e9100000, 0x0000000100000000)
  eden space 202752K, 100% used [0x00000000d6380000,0x00000000e2980000,0x00000000e2980000)
  from space 15360K, 0% used [0x00000000e2980000,0x00000000e2980000,0x00000000e3880000)
  to   space 17408K, 0% used [0x00000000e8000000,0x00000000e8000000,0x00000000e9100000)
 ParOldGen       total 94208K, used 22610K [0x0000000082a00000, 0x0000000088600000, 0x00000000d6380000)
  object space 94208K, 24% used [0x0000000082a00000,0x0000000084014bf0,0x0000000088600000)
 Metaspace       used 43117K, capacity 43708K, committed 44160K, reserved 1087488K
  class space    used 5740K, capacity 5897K, committed 6016K, reserved 1048576K
Event: 3.759 GC heap after
Heap after GC invocations=12 (full 2):
 PSYoungGen      total 280064K, used 15671K [0x00000000d6380000, 0x00000000e8f80000, 0x0000000100000000)
  eden space 264192K, 0% used [0x00000000d6380000,0x00000000d6380000,0x00000000e6580000)
  from space 15872K, 98% used [0x00000000e8000000,0x00000000e8f4ded0,0x00000000e8f80000)
  to   space 19456K, 0% used [0x00000000e6980000,0x00000000e6980000,0x00000000e7c80000)
 ParOldGen       total 94208K, used 22618K [0x0000000082a00000, 0x0000000088600000, 0x00000000d6380000)
  object space 94208K, 24% used [0x0000000082a00000,0x0000000084016bf0,0x0000000088600000)
 Metaspace       used 43117K, capacity 43708K, committed 44160K, reserved 1087488K
  class space    used 5740K, capacity 5897K, committed 6016K, reserved 1048576K
}

