# JRE version: Java(TM) SE Runtime Environment (8.0_261-b12) (build 1.8.0_261-b12)
# Java VM: Java HotSpot(TM) 64-Bit Server VM (25.261-b12 mixed mode windows-amd64 compressed oops)
Heap:
 PSYoungGen      total 296448K, used 34824K [0x00000000d6380000, 0x00000000edb80000, 0x0000000100000000)
  eden space 276992K, 7% used [0x00000000d6380000,0x00000000d7679fb0,0x00000000e7200000)
  from space 19456K, 79% used [0x00000000e7200000,0x00000000e81081b0,0x00000000e8500000)
  to   space 20480K, 0% used [0x00000000ec780000,0x00000000ec780000,0x00000000edb80000)
 ParOldGen       total 92672K, used 22576K [0x0000000082a00000, 0x0000000088480000, 0x00000000d6380000)
  object space 92672K, 24% used [0x0000000082a00000,0x000000008400c098,0x0000000088480000)
 Metaspace       used 46914K, capacity 47638K, committed 47872K, reserved 1091584K
  class space    used 6212K, capacity 6393K, committed 6400K, reserved 1048576K
GC Heap History (10 events):
Event: 2.507 GC heap before
{Heap before GC invocations=9 (full 1):
 PSYoungGen      total 141312K, used 141311K [0x00000000d6380000, 0x00000000e4700000, 0x0000000100000000)
  eden space 131072K, 100% used [0x00000000d6380000,0x00000000de380000,0x00000000de380000)
  from space 10240K, 99% used [0x00000000de380000,0x00000000ded7ff98,0x00000000ded80000)
  to   space 12288K, 0% used [0x00000000e3b00000,0x00000000e3b00000,0x00000000e4700000)
 ParOldGen       total 59392K, used 10790K [0x0000000082a00000, 0x0000000086400000, 0x00000000d6380000)
  object space 59392K, 18% used [0x0000000082a00000,0x0000000083489898,0x0000000086400000)
 Metaspace       used 31103K, capacity 31642K, committed 31872K, reserved 1077248K
  class space    used 4059K, capacity 4172K, committed 4224K, reserved 1048576K
Event: 2.517 GC heap after
Heap after GC invocations=9 (full 1):
 PSYoungGen      total 217600K, used 12264K [0x00000000d6380000, 0x00000000e4a00000, 0x0000000100000000)
  eden space 205312K, 0% used [0x00000000d6380000,0x00000000d6380000,0x00000000e2c00000)
  from space 12288K, 99% used [0x00000000e3b00000,0x00000000e46fa380,0x00000000e4700000)
  to   space 15360K, 0% used [0x00000000e2c00000,0x00000000e2c00000,0x00000000e3b00000)
 ParOldGen       total 59392K, used 14130K [0x0000000082a00000, 0x0000000086400000, 0x00000000d6380000)
  object space 59392K, 23% used [0x0000000082a00000,0x00000000837cca20,0x0000000086400000)
 Metaspace       used 31103K, capacity 31642K, committed 31872K, reserved 1077248K
  class space    used 4059K, capacity 4172K, committed 4224K, reserved 1048576K
}
Event: 2.723 GC heap before
{Heap before GC invocations=10 (full 1):
 PSYoungGen      total 217600K, used 48833K [0x00000000d6380000, 0x00000000e4a00000, 0x0000000100000000)
  eden space 205312K, 17% used [0x00000000d6380000,0x00000000d8736468,0x00000000e2c00000)
  from space 12288K, 99% used [0x00000000e3b00000,0x00000000e46fa380,0x00000000e4700000)
  to   space 15360K, 0% used [0x00000000e2c00000,0x00000000e2c00000,0x00000000e3b00000)
 ParOldGen       total 59392K, used 14130K [0x0000000082a00000, 0x0000000086400000, 0x00000000d6380000)
  object space 59392K, 23% used [0x0000000082a00000,0x00000000837cca20,0x0000000086400000)
 Metaspace       used 34856K, capacity 35328K, committed 35456K, reserved 1079296K
  class space    used 4575K, capacity 4717K, committed 4736K, reserved 1048576K
Event: 2.734 GC heap after
Heap after GC invocations=10 (full 1):
 PSYoungGen      total 220672K, used 15344K [0x00000000d6380000, 0x00000000e9980000, 0x0000000100000000)
  eden space 205312K, 0% used [0x00000000d6380000,0x00000000d6380000,0x00000000e2c00000)
  from space 15360K, 99% used [0x00000000e2c00000,0x00000000e3afc3f8,0x00000000e3b00000)
  to   space 17408K, 0% used [0x00000000e8880000,0x00000000e8880000,0x00000000e9980000)
 ParOldGen       total 59392K, used 14329K [0x0000000082a00000, 0x0000000086400000, 0x00000000d6380000)
  object space 59392K, 24% used [0x0000000082a00000,0x00000000837fe5d0,0x0000000086400000)
 Metaspace       used 34856K, capacity 35328K, committed 35456K, reserved 1079296K
  class space    used 4575K, capacity 4717K, committed 4736K, reserved 1048576K
}
Event: 2.734 GC heap before
{Heap before GC invocations=11 (full 2):
 PSYoungGen      total 220672K, used 15344K [0x00000000d6380000, 0x00000000e9980000, 0x0000000100000000)
  eden space 205312K, 0% used [0x00000000d6380000,0x00000000d6380000,0x00000000e2c00000)
  from space 15360K, 99% used [0x00000000e2c00000,0x00000000e3afc3f8,0x00000000e3b00000)
  to   space 17408K, 0% used [0x00000000e8880000,0x00000000e8880000,0x00000000e9980000)
 ParOldGen       total 59392K, used 14329K [0x0000000082a00000, 0x0000000086400000, 0x00000000d6380000)
  object space 59392K, 24% used [0x0000000082a00000,0x00000000837fe5d0,0x0000000086400000)
 Metaspace       used 34856K, capacity 35328K, committed 35456K, reserved 1079296K
  class space    used 4575K, capacity 4717K, committed 4736K, reserved 1048576K
Event: 2.773 GC heap after
Heap after GC invocations=11 (full 2):
 PSYoungGen      total 220672K, used 0K [0x00000000d6380000, 0x00000000e9980000, 0x0000000100000000)
  eden space 205312K, 0% used [0x00000000d6380000,0x00000000d6380000,0x00000000e2c00000)
  from space 15360K, 0% used [0x00000000e2c00000,0x00000000e2c00000,0x00000000e3b00000)
  to   space 17408K, 0% used [0x00000000e8880000,0x00000000e8880000,0x00000000e9980000)
 ParOldGen       total 92672K, used 22560K [0x0000000082a00000, 0x0000000088480000, 0x00000000d6380000)
  object space 92672K, 24% used [0x0000000082a00000,0x0000000084008098,0x0000000088480000)
 Metaspace       used 34856K, capacity 35328K, committed 35456K, reserved 1079296K
  class space    used 4575K, capacity 4717K, committed 4736K, reserved 1048576K
}
Event: 3.723 GC heap before
{Heap before GC invocations=12 (full 2):
 PSYoungGen      total 220672K, used 205312K [0x00000000d6380000, 0x00000000e9980000, 0x0000000100000000)
  eden space 205312K, 100% used [0x00000000d6380000,0x00000000e2c00000,0x00000000e2c00000)
  from space 15360K, 0% used [0x00000000e2c00000,0x00000000e2c00000,0x00000000e3b00000)
  to   space 17408K, 0% used [0x00000000e8880000,0x00000000e8880000,0x00000000e9980000)
 ParOldGen       total 92672K, used 22560K [0x0000000082a00000, 0x0000000088480000, 0x00000000d6380000)
  object space 92672K, 24% used [0x0000000082a00000,0x0000000084008098,0x0000000088480000)
 Metaspace       used 43211K, capacity 43778K, committed 44160K, reserved 1087488K
  class space    used 5752K, capacity 5898K, committed 6016K, reserved 1048576K
Event: 3.735 GC heap after
Heap after GC invocations=12 (full 2):
 PSYoungGen      total 286208K, used 15829K [0x00000000d6380000, 0x00000000e9800000, 0x0000000100000000)
  eden space 270336K, 0% used [0x00000000d6380000,0x00000000d6380000,0x00000000e6b80000)
  from space 15872K, 99% used [0x00000000e8880000,0x00000000e97f54d8,0x00000000e9800000)
  to   space 19456K, 0% used [0x00000000e7200000,0x00000000e7200000,0x00000000e8500000)
 ParOldGen       total 92672K, used 22568K [0x0000000082a00000, 0x0000000088480000, 0x00000000d6380000)
  object space 92672K, 24% used [0x0000000082a00000,0x000000008400a098,0x0000000088480000)
 Metaspace       used 43211K, capacity 43778K, committed 44160K, reserved 1087488K
  class space    used 5752K, capacity 5898K, committed 6016K, reserved 1048576K
}
Event: 137.629 GC heap before
{Heap before GC invocations=13 (full 2):
 PSYoungGen      total 286208K, used 286165K [0x00000000d6380000, 0x00000000e9800000, 0x0000000100000000)
  eden space 270336K, 100% used [0x00000000d6380000,0x00000000e6b80000,0x00000000e6b80000)
  from space 15872K, 99% used [0x00000000e8880000,0x00000000e97f54d8,0x00000000e9800000)
  to   space 19456K, 0% used [0x00000000e7200000,0x00000000e7200000,0x00000000e8500000)
 ParOldGen       total 92672K, used 22568K [0x0000000082a00000, 0x0000000088480000, 0x00000000d6380000)
  object space 92672K, 24% used [0x0000000082a00000,0x000000008400a098,0x0000000088480000)
 Metaspace       used 46879K, capacity 47574K, committed 47872K, reserved 1091584K
  class space    used 6210K, capacity 6393K, committed 6400K, reserved 1048576K
Event: 137.647 GC heap after
Heap after GC invocations=13 (full 2):
 PSYoungGen      total 296448K, used 15392K [0x00000000d6380000, 0x00000000edb80000, 0x0000000100000000)
  eden space 276992K, 0% used [0x00000000d6380000,0x00000000d6380000,0x00000000e7200000)
  from space 19456K, 79% used [0x00000000e7200000,0x00000000e81081b0,0x00000000e8500000)
  to   space 20480K, 0% used [0x00000000ec780000,0x00000000ec780000,0x00000000edb80000)
 ParOldGen       total 92672K, used 22576K [0x0000000082a00000, 0x0000000088480000, 0x00000000d6380000)
  object space 92672K, 24% used [0x0000000082a00000,0x000000008400c098,0x0000000088480000)
 Metaspace       used 46879K, capacity 47574K, committed 47872K, reserved 1091584K
  class space    used 6210K, capacity 6393K, committed 6400K, reserved 1048576K
}

